[ 2015-02-04T17:19:32+08:00 ] 127.0.0.1 /
INFO: [ app_init ] --START--
INFO: Run Behavior\BuildLiteBehavior [ RunTime:0.000015s ]
INFO: [ app_init ] --END-- [ RunTime:0.000516s ]
INFO: [ app_begin ] --START--
INFO: Run Behavior\ReadHtmlCacheBehavior [ RunTime:0.000621s ]
INFO: [ app_begin ] --END-- [ RunTime:0.000662s ]
SQL: SHOW COLUMNS FROM `kj_tool` [ RunTime:0.001593s ]
ERR: 1146:Table 'allergan.kj_tool' doesn't exist
 [ SQL语句 ] : SHOW COLUMNS FROM `kj_tool`
SQL: show tables [ RunTime:0.002760s ]
NOTIC: [8] Use of undefined constant l - assumed 'l' D:\WWW\AutoThinkPHP\Home\Model\ToolModel.class.php(35) : regexp code 第 1 行.
NOTIC: [8] Use of undefined constant n - assumed 'n' D:\WWW\AutoThinkPHP\Home\Model\ToolModel.class.php(35) : regexp code 第 1 行.
NOTIC: [8] Use of undefined constant u - assumed 'u' D:\WWW\AutoThinkPHP\Home\Model\ToolModel.class.php(35) : regexp code 第 1 行.
NOTIC: [8] Use of undefined constant u - assumed 'u' D:\WWW\AutoThinkPHP\Home\Model\ToolModel.class.php(35) : regexp code 第 1 行.
NOTIC: [8] Use of undefined constant b - assumed 'b' D:\WWW\AutoThinkPHP\Home\Model\ToolModel.class.php(35) : regexp code 第 1 行.
NOTIC: [8] Use of undefined constant c - assumed 'c' D:\WWW\AutoThinkPHP\Home\Model\ToolModel.class.php(35) : regexp code 第 1 行.
NOTIC: [8] Use of undefined constant t - assumed 't' D:\WWW\AutoThinkPHP\Home\Model\ToolModel.class.php(35) : regexp code 第 1 行.
NOTIC: [8] Use of undefined constant s - assumed 's' D:\WWW\AutoThinkPHP\Home\Model\ToolModel.class.php(35) : regexp code 第 1 行.
NOTIC: [8] Use of undefined constant c - assumed 'c' D:\WWW\AutoThinkPHP\Home\Model\ToolModel.class.php(35) : regexp code 第 1 行.
NOTIC: [8] Use of undefined constant a - assumed 'a' D:\WWW\AutoThinkPHP\Home\Model\ToolModel.class.php(35) : regexp code 第 1 行.
NOTIC: [8] Use of undefined constant d - assumed 'd' D:\WWW\AutoThinkPHP\Home\Model\ToolModel.class.php(35) : regexp code 第 1 行.
NOTIC: [8] Use of undefined constant a - assumed 'a' D:\WWW\AutoThinkPHP\Home\Model\ToolModel.class.php(35) : regexp code 第 1 行.
NOTIC: [8] Use of undefined constant a - assumed 'a' D:\WWW\AutoThinkPHP\Home\Model\ToolModel.class.php(35) : regexp code 第 1 行.
NOTIC: [8] Use of undefined constant c - assumed 'c' D:\WWW\AutoThinkPHP\Home\Model\ToolModel.class.php(35) : regexp code 第 1 行.
NOTIC: [8] Use of undefined constant a - assumed 'a' D:\WWW\AutoThinkPHP\Home\Model\ToolModel.class.php(35) : regexp code 第 1 行.
NOTIC: [8] Use of undefined constant t - assumed 't' D:\WWW\AutoThinkPHP\Home\Model\ToolModel.class.php(35) : regexp code 第 1 行.
NOTIC: [8] Use of undefined constant a - assumed 'a' D:\WWW\AutoThinkPHP\Home\Model\ToolModel.class.php(35) : regexp code 第 1 行.
NOTIC: [8] Use of undefined constant u - assumed 'u' D:\WWW\AutoThinkPHP\Home\Model\ToolModel.class.php(35) : regexp code 第 1 行.
NOTIC: [8] Use of undefined constant a - assumed 'a' D:\WWW\AutoThinkPHP\Home\Model\ToolModel.class.php(35) : regexp code 第 1 行.
NOTIC: [8] Use of undefined constant v - assumed 'v' D:\WWW\AutoThinkPHP\Home\Model\ToolModel.class.php(35) : regexp code 第 1 行.
NOTIC: [8] Use of undefined constant a - assumed 'a' D:\WWW\AutoThinkPHP\Home\Model\ToolModel.class.php(35) : regexp code 第 1 行.
NOTIC: [8] Use of undefined constant a - assumed 'a' D:\WWW\AutoThinkPHP\Home\Model\ToolModel.class.php(35) : regexp code 第 1 行.
NOTIC: [8] Use of undefined constant a - assumed 'a' D:\WWW\AutoThinkPHP\Home\Model\ToolModel.class.php(35) : regexp code 第 1 行.
NOTIC: [8] Use of undefined constant c - assumed 'c' D:\WWW\AutoThinkPHP\Home\Model\ToolModel.class.php(35) : regexp code 第 1 行.
NOTIC: [8] Use of undefined constant a - assumed 'a' D:\WWW\AutoThinkPHP\Home\Model\ToolModel.class.php(35) : regexp code 第 1 行.
NOTIC: [8] Use of undefined constant v - assumed 'v' D:\WWW\AutoThinkPHP\Home\Model\ToolModel.class.php(35) : regexp code 第 1 行.
NOTIC: [8] Use of undefined constant a - assumed 'a' D:\WWW\AutoThinkPHP\Home\Model\ToolModel.class.php(35) : regexp code 第 1 行.
NOTIC: [8] Use of undefined constant c - assumed 'c' D:\WWW\AutoThinkPHP\Home\Model\ToolModel.class.php(35) : regexp code 第 1 行.
NOTIC: [8] Use of undefined constant d - assumed 'd' D:\WWW\AutoThinkPHP\Home\Model\ToolModel.class.php(35) : regexp code 第 1 行.
NOTIC: [8] Use of undefined constant e - assumed 'e' D:\WWW\AutoThinkPHP\Home\Model\ToolModel.class.php(35) : regexp code 第 1 行.
NOTIC: [8] Use of undefined constant t - assumed 't' D:\WWW\AutoThinkPHP\Home\Model\ToolModel.class.php(35) : regexp code 第 1 行.
NOTIC: [8] Use of undefined constant e - assumed 'e' D:\WWW\AutoThinkPHP\Home\Model\ToolModel.class.php(35) : regexp code 第 1 行.
NOTIC: [8] Use of undefined constant t - assumed 't' D:\WWW\AutoThinkPHP\Home\Model\ToolModel.class.php(35) : regexp code 第 1 行.
NOTIC: [8] Use of undefined constant e - assumed 'e' D:\WWW\AutoThinkPHP\Home\Model\ToolModel.class.php(35) : regexp code 第 1 行.
NOTIC: [8] Use of undefined constant u - assumed 'u' D:\WWW\AutoThinkPHP\Home\Model\ToolModel.class.php(35) : regexp code 第 1 行.
NOTIC: [8] Use of undefined constant e - assumed 'e' D:\WWW\AutoThinkPHP\Home\Model\ToolModel.class.php(35) : regexp code 第 1 行.
NOTIC: [8] Use of undefined constant u - assumed 'u' D:\WWW\AutoThinkPHP\Home\Model\ToolModel.class.php(35) : regexp code 第 1 行.
NOTIC: [8] Use of undefined constant e - assumed 'e' D:\WWW\AutoThinkPHP\Home\Model\ToolModel.class.php(35) : regexp code 第 1 行.
NOTIC: [8] Use of undefined constant e - assumed 'e' D:\WWW\AutoThinkPHP\Home\Model\ToolModel.class.php(35) : regexp code 第 1 行.
NOTIC: [8] Use of undefined constant f - assumed 'f' D:\WWW\AutoThinkPHP\Home\Model\ToolModel.class.php(35) : regexp code 第 1 行.
NOTIC: [8] Use of undefined constant f - assumed 'f' D:\WWW\AutoThinkPHP\Home\Model\ToolModel.class.php(35) : regexp code 第 1 行.
NOTIC: [8] Use of undefined constant t - assumed 't' D:\WWW\AutoThinkPHP\Home\Model\ToolModel.class.php(35) : regexp code 第 1 行.
NOTIC: [8] Use of undefined constant f - assumed 'f' D:\WWW\AutoThinkPHP\Home\Model\ToolModel.class.php(35) : regexp code 第 1 行.
NOTIC: [8] Use of undefined constant f - assumed 'f' D:\WWW\AutoThinkPHP\Home\Model\ToolModel.class.php(35) : regexp code 第 1 行.
NOTIC: [8] Use of undefined constant t - assumed 't' D:\WWW\AutoThinkPHP\Home\Model\ToolModel.class.php(35) : regexp code 第 1 行.
NOTIC: [8] Use of undefined constant g - assumed 'g' D:\WWW\AutoThinkPHP\Home\Model\ToolModel.class.php(35) : regexp code 第 1 行.
NOTIC: [8] Use of undefined constant l - assumed 'l' D:\WWW\AutoThinkPHP\Home\Model\ToolModel.class.php(35) : regexp code 第 1 行.
NOTIC: [8] Use of undefined constant i - assumed 'i' D:\WWW\AutoThinkPHP\Home\Model\ToolModel.class.php(35) : regexp code 第 1 行.
NOTIC: [8] Use of undefined constant i - assumed 'i' D:\WWW\AutoThinkPHP\Home\Model\ToolModel.class.php(35) : regexp code 第 1 行.
NOTIC: [8] Use of undefined constant d - assumed 'd' D:\WWW\AutoThinkPHP\Home\Model\ToolModel.class.php(35) : regexp code 第 1 行.
NOTIC: [8] Use of undefined constant i - assumed 'i' D:\WWW\AutoThinkPHP\Home\Model\ToolModel.class.php(35) : regexp code 第 1 行.
NOTIC: [8] Use of undefined constant l - assumed 'l' D:\WWW\AutoThinkPHP\Home\Model\ToolModel.class.php(35) : regexp code 第 1 行.
NOTIC: [8] Use of undefined constant i - assumed 'i' D:\WWW\AutoThinkPHP\Home\Model\ToolModel.class.php(35) : regexp code 第 1 行.
NOTIC: [8] Use of undefined constant j - assumed 'j' D:\WWW\AutoThinkPHP\Home\Model\ToolModel.class.php(35) : regexp code 第 1 行.
NOTIC: [8] Use of undefined constant m - assumed 'm' D:\WWW\AutoThinkPHP\Home\Model\ToolModel.class.php(35) : regexp code 第 1 行.
NOTIC: [8] Use of undefined constant q - assumed 'q' D:\WWW\AutoThinkPHP\Home\Model\ToolModel.class.php(35) : regexp code 第 1 行.
NOTIC: [8] Use of undefined constant n - assumed 'n' D:\WWW\AutoThinkPHP\Home\Model\ToolModel.class.php(35) : regexp code 第 1 行.
NOTIC: [8] Use of undefined constant m - assumed 'm' D:\WWW\AutoThinkPHP\Home\Model\ToolModel.class.php(35) : regexp code 第 1 行.
NOTIC: [8] Use of undefined constant n - assumed 'n' D:\WWW\AutoThinkPHP\Home\Model\ToolModel.class.php(35) : regexp code 第 1 行.
NOTIC: [8] Use of undefined constant n - assumed 'n' D:\WWW\AutoThinkPHP\Home\Model\ToolModel.class.php(35) : regexp code 第 1 行.
NOTIC: [8] Use of undefined constant d - assumed 'd' D:\WWW\AutoThinkPHP\Home\Model\ToolModel.class.php(35) : regexp code 第 1 行.
NOTIC: [8] Use of undefined constant p - assumed 'p' D:\WWW\AutoThinkPHP\Home\Model\ToolModel.class.php(35) : regexp code 第 1 行.
NOTIC: [8] Use of undefined constant p - assumed 'p' D:\WWW\AutoThinkPHP\Home\Model\ToolModel.class.php(35) : regexp code 第 1 行.
NOTIC: [8] Use of undefined constant i - assumed 'i' D:\WWW\AutoThinkPHP\Home\Model\ToolModel.class.php(35) : regexp code 第 1 行.
NOTIC: [8] Use of undefined constant q - assumed 'q' D:\WWW\AutoThinkPHP\Home\Model\ToolModel.class.php(35) : regexp code 第 1 行.
NOTIC: [8] Use of undefined constant q - assumed 'q' D:\WWW\AutoThinkPHP\Home\Model\ToolModel.class.php(35) : regexp code 第 1 行.
NOTIC: [8] Use of undefined constant c - assumed 'c' D:\WWW\AutoThinkPHP\Home\Model\ToolModel.class.php(35) : regexp code 第 1 行.
NOTIC: [8] Use of undefined constant q - assumed 'q' D:\WWW\AutoThinkPHP\Home\Model\ToolModel.class.php(35) : regexp code 第 1 行.
NOTIC: [8] Use of undefined constant f - assumed 'f' D:\WWW\AutoThinkPHP\Home\Model\ToolModel.class.php(35) : regexp code 第 1 行.
NOTIC: [8] Use of undefined constant q - assumed 'q' D:\WWW\AutoThinkPHP\Home\Model\ToolModel.class.php(35) : regexp code 第 1 行.
NOTIC: [8] Use of undefined constant i - assumed 'i' D:\WWW\AutoThinkPHP\Home\Model\ToolModel.class.php(35) : regexp code 第 1 行.
NOTIC: [8] Use of undefined constant q - assumed 'q' D:\WWW\AutoThinkPHP\Home\Model\ToolModel.class.php(35) : regexp code 第 1 行.
NOTIC: [8] Use of undefined constant t - assumed 't' D:\WWW\AutoThinkPHP\Home\Model\ToolModel.class.php(35) : regexp code 第 1 行.
NOTIC: [8] Use of undefined constant q - assumed 'q' D:\WWW\AutoThinkPHP\Home\Model\ToolModel.class.php(35) : regexp code 第 1 行.
NOTIC: [8] Use of undefined constant u - assumed 'u' D:\WWW\AutoThinkPHP\Home\Model\ToolModel.class.php(35) : regexp code 第 1 行.
NOTIC: [8] Use of undefined constant r - assumed 'r' D:\WWW\AutoThinkPHP\Home\Model\ToolModel.class.php(35) : regexp code 第 1 行.
NOTIC: [8] Use of undefined constant r - assumed 'r' D:\WWW\AutoThinkPHP\Home\Model\ToolModel.class.php(35) : regexp code 第 1 行.
NOTIC: [8] Use of undefined constant l - assumed 'l' D:\WWW\AutoThinkPHP\Home\Model\ToolModel.class.php(35) : regexp code 第 1 行.
NOTIC: [8] Use of undefined constant r - assumed 'r' D:\WWW\AutoThinkPHP\Home\Model\ToolModel.class.php(35) : regexp code 第 1 行.
NOTIC: [8] Use of undefined constant t - assumed 't' D:\WWW\AutoThinkPHP\Home\Model\ToolModel.class.php(35) : regexp code 第 1 行.
NOTIC: [8] Use of undefined constant r - assumed 'r' D:\WWW\AutoThinkPHP\Home\Model\ToolModel.class.php(35) : regexp code 第 1 行.
NOTIC: [8] Use of undefined constant r - assumed 'r' D:\WWW\AutoThinkPHP\Home\Model\ToolModel.class.php(35) : regexp code 第 1 行.
NOTIC: [8] Use of undefined constant c - assumed 'c' D:\WWW\AutoThinkPHP\Home\Model\ToolModel.class.php(35) : regexp code 第 1 行.
NOTIC: [8] Use of undefined constant r - assumed 'r' D:\WWW\AutoThinkPHP\Home\Model\ToolModel.class.php(35) : regexp code 第 1 行.
NOTIC: [8] Use of undefined constant t - assumed 't' D:\WWW\AutoThinkPHP\Home\Model\ToolModel.class.php(35) : regexp code 第 1 行.
NOTIC: [8] Use of undefined constant s - assumed 's' D:\WWW\AutoThinkPHP\Home\Model\ToolModel.class.php(35) : regexp code 第 1 行.
NOTIC: [8] Use of undefined constant s - assumed 's' D:\WWW\AutoThinkPHP\Home\Model\ToolModel.class.php(35) : regexp code 第 1 行.
NOTIC: [8] Use of undefined constant s - assumed 's' D:\WWW\AutoThinkPHP\Home\Model\ToolModel.class.php(35) : regexp code 第 1 行.
NOTIC: [8] Use of undefined constant s - assumed 's' D:\WWW\AutoThinkPHP\Home\Model\ToolModel.class.php(35) : regexp code 第 1 行.
NOTIC: [8] Use of undefined constant t - assumed 't' D:\WWW\AutoThinkPHP\Home\Model\ToolModel.class.php(35) : regexp code 第 1 行.
NOTIC: [8] Use of undefined constant t - assumed 't' D:\WWW\AutoThinkPHP\Home\Model\ToolModel.class.php(35) : regexp code 第 1 行.
NOTIC: [8] Use of undefined constant f - assumed 'f' D:\WWW\AutoThinkPHP\Home\Model\ToolModel.class.php(35) : regexp code 第 1 行.
NOTIC: [8] Use of undefined constant t - assumed 't' D:\WWW\AutoThinkPHP\Home\Model\ToolModel.class.php(35) : regexp code 第 1 行.
NOTIC: [8] Use of undefined constant m - assumed 'm' D:\WWW\AutoThinkPHP\Home\Model\ToolModel.class.php(35) : regexp code 第 1 行.
NOTIC: [8] Use of undefined constant t - assumed 't' D:\WWW\AutoThinkPHP\Home\Model\ToolModel.class.php(35) : regexp code 第 1 行.
NOTIC: [8] Use of undefined constant r - assumed 'r' D:\WWW\AutoThinkPHP\Home\Model\ToolModel.class.php(35) : regexp code 第 1 行.
NOTIC: [8] Use of undefined constant u - assumed 'u' D:\WWW\AutoThinkPHP\Home\Model\ToolModel.class.php(35) : regexp code 第 1 行.
NOTIC: [8] Use of undefined constant a - assumed 'a' D:\WWW\AutoThinkPHP\Home\Model\ToolModel.class.php(35) : regexp code 第 1 行.
NOTIC: [8] Use of undefined constant h - assumed 'h' D:\WWW\AutoThinkPHP\Home\Model\ToolModel.class.php(35) : regexp code 第 1 行.
NOTIC: [8] Use of undefined constant u - assumed 'u' D:\WWW\AutoThinkPHP\Home\Model\ToolModel.class.php(35) : regexp code 第 1 行.
NOTIC: [8] Use of undefined constant a - assumed 'a' D:\WWW\AutoThinkPHP\Home\Model\ToolModel.class.php(35) : regexp code 第 1 行.
NOTIC: [8] Use of undefined constant h - assumed 'h' D:\WWW\AutoThinkPHP\Home\Model\ToolModel.class.php(35) : regexp code 第 1 行.
NOTIC: [8] Use of undefined constant d - assumed 'd' D:\WWW\AutoThinkPHP\Home\Model\ToolModel.class.php(35) : regexp code 第 1 行.
NOTIC: [8] Use of undefined constant u - assumed 'u' D:\WWW\AutoThinkPHP\Home\Model\ToolModel.class.php(35) : regexp code 第 1 行.
NOTIC: [8] Use of undefined constant a - assumed 'a' D:\WWW\AutoThinkPHP\Home\Model\ToolModel.class.php(35) : regexp code 第 1 行.
NOTIC: [8] Use of undefined constant h - assumed 'h' D:\WWW\AutoThinkPHP\Home\Model\ToolModel.class.php(35) : regexp code 第 1 行.
NOTIC: [8] Use of undefined constant f - assumed 'f' D:\WWW\AutoThinkPHP\Home\Model\ToolModel.class.php(35) : regexp code 第 1 行.
NOTIC: [8] Use of undefined constant u - assumed 'u' D:\WWW\AutoThinkPHP\Home\Model\ToolModel.class.php(35) : regexp code 第 1 行.
NOTIC: [8] Use of undefined constant f - assumed 'f' D:\WWW\AutoThinkPHP\Home\Model\ToolModel.class.php(35) : regexp code 第 1 行.
NOTIC: [8] Use of undefined constant u - assumed 'u' D:\WWW\AutoThinkPHP\Home\Model\ToolModel.class.php(35) : regexp code 第 1 行.
NOTIC: [8] Use of undefined constant u - assumed 'u' D:\WWW\AutoThinkPHP\Home\Model\ToolModel.class.php(35) : regexp code 第 1 行.
NOTIC: [8] Use of undefined constant a - assumed 'a' D:\WWW\AutoThinkPHP\Home\Model\ToolModel.class.php(35) : regexp code 第 1 行.
NOTIC: [8] Use of undefined constant u - assumed 'u' D:\WWW\AutoThinkPHP\Home\Model\ToolModel.class.php(35) : regexp code 第 1 行.
NOTIC: [8] Use of undefined constant g - assumed 'g' D:\WWW\AutoThinkPHP\Home\Model\ToolModel.class.php(35) : regexp code 第 1 行.
NOTIC: [8] Use of undefined constant u - assumed 'u' D:\WWW\AutoThinkPHP\Home\Model\ToolModel.class.php(35) : regexp code 第 1 行.
NOTIC: [8] Use of undefined constant n - assumed 'n' D:\WWW\AutoThinkPHP\Home\Model\ToolModel.class.php(35) : regexp code 第 1 行.
NOTIC: [8] Use of undefined constant s - assumed 's' D:\WWW\AutoThinkPHP\Home\Model\ToolModel.class.php(35) : regexp code 第 1 行.
NOTIC: [8] Use of undefined constant u - assumed 'u' D:\WWW\AutoThinkPHP\Home\Model\ToolModel.class.php(35) : regexp code 第 1 行.
NOTIC: [8] Use of undefined constant o - assumed 'o' D:\WWW\AutoThinkPHP\Home\Model\ToolModel.class.php(35) : regexp code 第 1 行.
NOTIC: [8] Use of undefined constant u - assumed 'u' D:\WWW\AutoThinkPHP\Home\Model\ToolModel.class.php(35) : regexp code 第 1 行.
NOTIC: [8] Use of undefined constant q - assumed 'q' D:\WWW\AutoThinkPHP\Home\Model\ToolModel.class.php(35) : regexp code 第 1 行.
NOTIC: [8] Use of undefined constant u - assumed 'u' D:\WWW\AutoThinkPHP\Home\Model\ToolModel.class.php(35) : regexp code 第 1 行.
NOTIC: [8] Use of undefined constant s - assumed 's' D:\WWW\AutoThinkPHP\Home\Model\ToolModel.class.php(35) : regexp code 第 1 行.
NOTIC: [8] Use of undefined constant u - assumed 'u' D:\WWW\AutoThinkPHP\Home\Model\ToolModel.class.php(35) : regexp code 第 1 行.
NOTIC: [8] Use of undefined constant u - assumed 'u' D:\WWW\AutoThinkPHP\Home\Model\ToolModel.class.php(35) : regexp code 第 1 行.
NOTIC: [8] Use of undefined constant u - assumed 'u' D:\WWW\AutoThinkPHP\Home\Model\ToolModel.class.php(35) : regexp code 第 1 行.
NOTIC: [8] Use of undefined constant w - assumed 'w' D:\WWW\AutoThinkPHP\Home\Model\ToolModel.class.php(35) : regexp code 第 1 行.
NOTIC: [8] Use of undefined constant v - assumed 'v' D:\WWW\AutoThinkPHP\Home\Model\ToolModel.class.php(35) : regexp code 第 1 行.
NOTIC: [8] Use of undefined constant a - assumed 'a' D:\WWW\AutoThinkPHP\Home\Model\ToolModel.class.php(35) : regexp code 第 1 行.
NOTIC: [8] Use of undefined constant w - assumed 'w' D:\WWW\AutoThinkPHP\Home\Model\ToolModel.class.php(35) : regexp code 第 1 行.
NOTIC: [8] Use of undefined constant l - assumed 'l' D:\WWW\AutoThinkPHP\Home\Model\ToolModel.class.php(35) : regexp code 第 1 行.
NOTIC: [8] Use of undefined constant w - assumed 'w' D:\WWW\AutoThinkPHP\Home\Model\ToolModel.class.php(35) : regexp code 第 1 行.
NOTIC: [8] Use of undefined constant m - assumed 'm' D:\WWW\AutoThinkPHP\Home\Model\ToolModel.class.php(35) : regexp code 第 1 行.
NOTIC: [8] Use of undefined constant w - assumed 'w' D:\WWW\AutoThinkPHP\Home\Model\ToolModel.class.php(35) : regexp code 第 1 行.
NOTIC: [8] Use of undefined constant r - assumed 'r' D:\WWW\AutoThinkPHP\Home\Model\ToolModel.class.php(35) : regexp code 第 1 行.
NOTIC: [8] Use of undefined constant r - assumed 'r' D:\WWW\AutoThinkPHP\Home\Model\ToolModel.class.php(35) : regexp code 第 1 行.
NOTIC: [8] Use of undefined constant w - assumed 'w' D:\WWW\AutoThinkPHP\Home\Model\ToolModel.class.php(35) : regexp code 第 1 行.
NOTIC: [8] Use of undefined constant e - assumed 'e' D:\WWW\AutoThinkPHP\Home\Model\ToolModel.class.php(35) : regexp code 第 1 行.
NOTIC: [8] Use of undefined constant a - assumed 'a' D:\WWW\AutoThinkPHP\Home\Model\ToolModel.class.php(35) : regexp code 第 1 行.
NOTIC: [8] Use of undefined constant a - assumed 'a' D:\WWW\AutoThinkPHP\Home\Model\ToolModel.class.php(35) : regexp code 第 1 行.
NOTIC: [8] Use of undefined constant a - assumed 'a' D:\WWW\AutoThinkPHP\Home\Model\ToolModel.class.php(35) : regexp code 第 1 行.
NOTIC: [8] Use of undefined constant i - assumed 'i' D:\WWW\AutoThinkPHP\Home\Model\ToolModel.class.php(35) : regexp code 第 1 行.
NOTIC: [8] Use of undefined constant t - assumed 't' D:\WWW\AutoThinkPHP\Home\Model\ToolModel.class.php(35) : regexp code 第 1 行.
NOTIC: [8] Use of undefined constant a - assumed 'a' D:\WWW\AutoThinkPHP\Home\Model\ToolModel.class.php(35) : regexp code 第 1 行.
NOTIC: [8] Use of undefined constant o - assumed 'o' D:\WWW\AutoThinkPHP\Home\Model\ToolModel.class.php(35) : regexp code 第 1 行.
NOTIC: [8] Use of undefined constant i - assumed 'i' D:\WWW\AutoThinkPHP\Home\Model\ToolModel.class.php(35) : regexp code 第 1 行.
NOTIC: [8] Use of undefined constant a - assumed 'a' D:\WWW\AutoThinkPHP\Home\Model\ToolModel.class.php(35) : regexp code 第 1 行.
NOTIC: [8] Use of undefined constant o - assumed 'o' D:\WWW\AutoThinkPHP\Home\Model\ToolModel.class.php(35) : regexp code 第 1 行.
NOTIC: [8] Use of undefined constant i - assumed 'i' D:\WWW\AutoThinkPHP\Home\Model\ToolModel.class.php(35) : regexp code 第 1 行.
NOTIC: [8] Use of undefined constant l - assumed 'l' D:\WWW\AutoThinkPHP\Home\Model\ToolModel.class.php(35) : regexp code 第 1 行.
NOTIC: [8] Use of undefined constant a - assumed 'a' D:\WWW\AutoThinkPHP\Home\Model\ToolModel.class.php(35) : regexp code 第 1 行.
NOTIC: [8] Use of undefined constant c - assumed 'c' D:\WWW\AutoThinkPHP\Home\Model\ToolModel.class.php(35) : regexp code 第 1 行.
NOTIC: [8] Use of undefined constant q - assumed 'q' D:\WWW\AutoThinkPHP\Home\Model\ToolModel.class.php(35) : regexp code 第 1 行.
NOTIC: [8] Use of undefined constant v - assumed 'v' D:\WWW\AutoThinkPHP\Home\Model\ToolModel.class.php(35) : regexp code 第 1 行.
NOTIC: [8] Use of undefined constant v - assumed 'v' D:\WWW\AutoThinkPHP\Home\Model\ToolModel.class.php(35) : regexp code 第 1 行.
NOTIC: [8] Use of undefined constant i - assumed 'i' D:\WWW\AutoThinkPHP\Home\Model\ToolModel.class.php(35) : regexp code 第 1 行.
NOTIC: [8] Use of undefined constant c - assumed 'c' D:\WWW\AutoThinkPHP\Home\Model\ToolModel.class.php(35) : regexp code 第 1 行.
NOTIC: [8] Use of undefined constant i - assumed 'i' D:\WWW\AutoThinkPHP\Home\Model\ToolModel.class.php(35) : regexp code 第 1 行.
NOTIC: [8] Use of undefined constant o - assumed 'o' D:\WWW\AutoThinkPHP\Home\Model\ToolModel.class.php(35) : regexp code 第 1 行.
NOTIC: [8] Use of undefined constant c - assumed 'c' D:\WWW\AutoThinkPHP\Home\Model\ToolModel.class.php(35) : regexp code 第 1 行.
NOTIC: [8] Use of undefined constant i - assumed 'i' D:\WWW\AutoThinkPHP\Home\Model\ToolModel.class.php(35) : regexp code 第 1 行.
NOTIC: [8] Use of undefined constant i - assumed 'i' D:\WWW\AutoThinkPHP\Home\Model\ToolModel.class.php(35) : regexp code 第 1 行.
NOTIC: [8] Use of undefined constant i - assumed 'i' D:\WWW\AutoThinkPHP\Home\Model\ToolModel.class.php(35) : regexp code 第 1 行.
NOTIC: [8] Use of undefined constant o - assumed 'o' D:\WWW\AutoThinkPHP\Home\Model\ToolModel.class.php(35) : regexp code 第 1 行.
NOTIC: [8] Use of undefined constant o - assumed 'o' D:\WWW\AutoThinkPHP\Home\Model\ToolModel.class.php(35) : regexp code 第 1 行.
NOTIC: [8] Use of undefined constant i - assumed 'i' D:\WWW\AutoThinkPHP\Home\Model\ToolModel.class.php(35) : regexp code 第 1 行.
NOTIC: [8] Use of undefined constant p - assumed 'p' D:\WWW\AutoThinkPHP\Home\Model\ToolModel.class.php(35) : regexp code 第 1 行.
NOTIC: [8] Use of undefined constant a - assumed 'a' D:\WWW\AutoThinkPHP\Home\Model\ToolModel.class.php(35) : regexp code 第 1 行.
NOTIC: [8] Use of undefined constant c - assumed 'c' D:\WWW\AutoThinkPHP\Home\Model\ToolModel.class.php(35) : regexp code 第 1 行.
NOTIC: [8] Use of undefined constant f - assumed 'f' D:\WWW\AutoThinkPHP\Home\Model\ToolModel.class.php(35) : regexp code 第 1 行.
NOTIC: [8] Use of undefined constant r - assumed 'r' D:\WWW\AutoThinkPHP\Home\Model\ToolModel.class.php(35) : regexp code 第 1 行.
NOTIC: [8] Use of undefined constant i - assumed 'i' D:\WWW\AutoThinkPHP\Home\Model\ToolModel.class.php(35) : regexp code 第 1 行.
NOTIC: [8] Use of undefined constant a - assumed 'a' D:\WWW\AutoThinkPHP\Home\Model\ToolModel.class.php(35) : regexp code 第 1 行.
NOTIC: [8] Use of undefined constant u - assumed 'u' D:\WWW\AutoThinkPHP\Home\Model\ToolModel.class.php(35) : regexp code 第 1 行.
NOTIC: [8] Use of undefined constant u - assumed 'u' D:\WWW\AutoThinkPHP\Home\Model\ToolModel.class.php(35) : regexp code 第 1 行.
NOTIC: [8] Use of undefined constant i - assumed 'i' D:\WWW\AutoThinkPHP\Home\Model\ToolModel.class.php(35) : regexp code 第 1 行.
NOTIC: [8] Use of undefined constant u - assumed 'u' D:\WWW\AutoThinkPHP\Home\Model\ToolModel.class.php(35) : regexp code 第 1 行.
NOTIC: [8] Use of undefined constant v - assumed 'v' D:\WWW\AutoThinkPHP\Home\Model\ToolModel.class.php(35) : regexp code 第 1 行.
NOTIC: [8] Use of undefined constant a - assumed 'a' D:\WWW\AutoThinkPHP\Home\Model\ToolModel.class.php(35) : regexp code 第 1 行.
NOTIC: [8] Use of undefined constant a - assumed 'a' D:\WWW\AutoThinkPHP\Home\Model\ToolModel.class.php(35) : regexp code 第 1 行.
NOTIC: [8] Use of undefined constant b - assumed 'b' D:\WWW\AutoThinkPHP\Home\Model\ToolModel.class.php(35) : regexp code 第 1 行.
NOTIC: [8] Use of undefined constant d - assumed 'd' D:\WWW\AutoThinkPHP\Home\Model\ToolModel.class.php(35) : regexp code 第 1 行.
NOTIC: [8] Use of undefined constant f - assumed 'f' D:\WWW\AutoThinkPHP\Home\Model\ToolModel.class.php(35) : regexp code 第 1 行.
NOTIC: [8] Use of undefined constant f - assumed 'f' D:\WWW\AutoThinkPHP\Home\Model\ToolModel.class.php(35) : regexp code 第 1 行.
NOTIC: [8] Use of undefined constant f - assumed 'f' D:\WWW\AutoThinkPHP\Home\Model\ToolModel.class.php(35) : regexp code 第 1 行.
NOTIC: [8] Use of undefined constant m - assumed 'm' D:\WWW\AutoThinkPHP\Home\Model\ToolModel.class.php(35) : regexp code 第 1 行.
NOTIC: [8] Use of undefined constant m - assumed 'm' D:\WWW\AutoThinkPHP\Home\Model\ToolModel.class.php(35) : regexp code 第 1 行.
NOTIC: [8] Use of undefined constant m - assumed 'm' D:\WWW\AutoThinkPHP\Home\Model\ToolModel.class.php(35) : regexp code 第 1 行.
NOTIC: [8] Use of undefined constant m - assumed 'm' D:\WWW\AutoThinkPHP\Home\Model\ToolModel.class.php(35) : regexp code 第 1 行.
NOTIC: [8] Use of undefined constant n - assumed 'n' D:\WWW\AutoThinkPHP\Home\Model\ToolModel.class.php(35) : regexp code 第 1 行.
NOTIC: [8] Use of undefined constant n - assumed 'n' D:\WWW\AutoThinkPHP\Home\Model\ToolModel.class.php(35) : regexp code 第 1 行.
NOTIC: [8] Use of undefined constant p - assumed 'p' D:\WWW\AutoThinkPHP\Home\Model\ToolModel.class.php(35) : regexp code 第 1 行.
NOTIC: [8] Use of undefined constant i - assumed 'i' D:\WWW\AutoThinkPHP\Home\Model\ToolModel.class.php(35) : regexp code 第 1 行.
NOTIC: [8] Use of undefined constant p - assumed 'p' D:\WWW\AutoThinkPHP\Home\Model\ToolModel.class.php(35) : regexp code 第 1 行.
NOTIC: [8] Use of undefined constant l - assumed 'l' D:\WWW\AutoThinkPHP\Home\Model\ToolModel.class.php(35) : regexp code 第 1 行.
NOTIC: [8] Use of undefined constant p - assumed 'p' D:\WWW\AutoThinkPHP\Home\Model\ToolModel.class.php(35) : regexp code 第 1 行.
NOTIC: [8] Use of undefined constant m - assumed 'm' D:\WWW\AutoThinkPHP\Home\Model\ToolModel.class.php(35) : regexp code 第 1 行.
NOTIC: [8] Use of undefined constant p - assumed 'p' D:\WWW\AutoThinkPHP\Home\Model\ToolModel.class.php(35) : regexp code 第 1 行.
NOTIC: [8] Use of undefined constant m - assumed 'm' D:\WWW\AutoThinkPHP\Home\Model\ToolModel.class.php(35) : regexp code 第 1 行.
NOTIC: [8] Use of undefined constant p - assumed 'p' D:\WWW\AutoThinkPHP\Home\Model\ToolModel.class.php(35) : regexp code 第 1 行.
NOTIC: [8] Use of undefined constant m - assumed 'm' D:\WWW\AutoThinkPHP\Home\Model\ToolModel.class.php(35) : regexp code 第 1 行.
NOTIC: [8] Use of undefined constant p - assumed 'p' D:\WWW\AutoThinkPHP\Home\Model\ToolModel.class.php(35) : regexp code 第 1 行.
NOTIC: [8] Use of undefined constant m - assumed 'm' D:\WWW\AutoThinkPHP\Home\Model\ToolModel.class.php(35) : regexp code 第 1 行.
NOTIC: [8] Use of undefined constant p - assumed 'p' D:\WWW\AutoThinkPHP\Home\Model\ToolModel.class.php(35) : regexp code 第 1 行.
NOTIC: [8] Use of undefined constant m - assumed 'm' D:\WWW\AutoThinkPHP\Home\Model\ToolModel.class.php(35) : regexp code 第 1 行.
NOTIC: [8] Use of undefined constant p - assumed 'p' D:\WWW\AutoThinkPHP\Home\Model\ToolModel.class.php(35) : regexp code 第 1 行.
NOTIC: [8] Use of undefined constant m - assumed 'm' D:\WWW\AutoThinkPHP\Home\Model\ToolModel.class.php(35) : regexp code 第 1 行.
NOTIC: [8] Use of undefined constant p - assumed 'p' D:\WWW\AutoThinkPHP\Home\Model\ToolModel.class.php(35) : regexp code 第 1 行.
NOTIC: [8] Use of undefined constant m - assumed 'm' D:\WWW\AutoThinkPHP\Home\Model\ToolModel.class.php(35) : regexp code 第 1 行.
NOTIC: [8] Use of undefined constant p - assumed 'p' D:\WWW\AutoThinkPHP\Home\Model\ToolModel.class.php(35) : regexp code 第 1 行.
NOTIC: [8] Use of undefined constant m - assumed 'm' D:\WWW\AutoThinkPHP\Home\Model\ToolModel.class.php(35) : regexp code 第 1 行.
NOTIC: [8] Use of undefined constant p - assumed 'p' D:\WWW\AutoThinkPHP\Home\Model\ToolModel.class.php(35) : regexp code 第 1 行.
NOTIC: [8] Use of undefined constant m - assumed 'm' D:\WWW\AutoThinkPHP\Home\Model\ToolModel.class.php(35) : regexp code 第 1 行.
NOTIC: [8] Use of undefined constant p - assumed 'p' D:\WWW\AutoThinkPHP\Home\Model\ToolModel.class.php(35) : regexp code 第 1 行.
NOTIC: [8] Use of undefined constant m - assumed 'm' D:\WWW\AutoThinkPHP\Home\Model\ToolModel.class.php(35) : regexp code 第 1 行.
NOTIC: [8] Use of undefined constant p - assumed 'p' D:\WWW\AutoThinkPHP\Home\Model\ToolModel.class.php(35) : regexp code 第 1 行.
NOTIC: [8] Use of undefined constant m - assumed 'm' D:\WWW\AutoThinkPHP\Home\Model\ToolModel.class.php(35) : regexp code 第 1 行.
NOTIC: [8] Use of undefined constant p - assumed 'p' D:\WWW\AutoThinkPHP\Home\Model\ToolModel.class.php(35) : regexp code 第 1 行.
NOTIC: [8] Use of undefined constant p - assumed 'p' D:\WWW\AutoThinkPHP\Home\Model\ToolModel.class.php(35) : regexp code 第 1 行.
NOTIC: [8] Use of undefined constant s - assumed 's' D:\WWW\AutoThinkPHP\Home\Model\ToolModel.class.php(35) : regexp code 第 1 行.
NOTIC: [8] Use of undefined constant s - assumed 's' D:\WWW\AutoThinkPHP\Home\Model\ToolModel.class.php(35) : regexp code 第 1 行.
NOTIC: [8] Use of undefined constant t - assumed 't' D:\WWW\AutoThinkPHP\Home\Model\ToolModel.class.php(35) : regexp code 第 1 行.
NOTIC: [8] Use of undefined constant v - assumed 'v' D:\WWW\AutoThinkPHP\Home\Model\ToolModel.class.php(35) : regexp code 第 1 行.
NOTIC: [8] Use of undefined constant c - assumed 'c' D:\WWW\AutoThinkPHP\Home\Model\ToolModel.class.php(35) : regexp code 第 1 行.
NOTIC: [8] Use of undefined constant c - assumed 'c' D:\WWW\AutoThinkPHP\Home\Model\ToolModel.class.php(35) : regexp code 第 1 行.
NOTIC: [8] Use of undefined constant h - assumed 'h' D:\WWW\AutoThinkPHP\Home\Model\ToolModel.class.php(35) : regexp code 第 1 行.
NOTIC: [8] Use of undefined constant c - assumed 'c' D:\WWW\AutoThinkPHP\Home\Model\ToolModel.class.php(35) : regexp code 第 1 行.
NOTIC: [8] Use of undefined constant r - assumed 'r' D:\WWW\AutoThinkPHP\Home\Model\ToolModel.class.php(35) : regexp code 第 1 行.
NOTIC: [8] Use of undefined constant n - assumed 'n' D:\WWW\AutoThinkPHP\Home\Model\ToolModel.class.php(35) : regexp code 第 1 行.
NOTIC: [8] Use of undefined constant n - assumed 'n' D:\WWW\AutoThinkPHP\Home\Model\ToolModel.class.php(35) : regexp code 第 1 行.
NOTIC: [8] Use of undefined constant o - assumed 'o' D:\WWW\AutoThinkPHP\Home\Model\ToolModel.class.php(35) : regexp code 第 1 行.
NOTIC: [8] Use of undefined constant l - assumed 'l' D:\WWW\AutoThinkPHP\Home\Model\ToolModel.class.php(35) : regexp code 第 1 行.
NOTIC: [8] Use of undefined constant s - assumed 's' D:\WWW\AutoThinkPHP\Home\Model\ToolModel.class.php(35) : regexp code 第 1 行.
NOTIC: [8] Use of undefined constant l - assumed 'l' D:\WWW\AutoThinkPHP\Home\Model\ToolModel.class.php(35) : regexp code 第 1 行.
NOTIC: [8] Use of undefined constant t - assumed 't' D:\WWW\AutoThinkPHP\Home\Model\ToolModel.class.php(35) : regexp code 第 1 行.
NOTIC: [8] Use of undefined constant l - assumed 'l' D:\WWW\AutoThinkPHP\Home\Model\ToolModel.class.php(35) : regexp code 第 1 行.
NOTIC: [8] Use of undefined constant t - assumed 't' D:\WWW\AutoThinkPHP\Home\Model\ToolModel.class.php(35) : regexp code 第 1 行.
NOTIC: [8] Use of undefined constant s - assumed 's' D:\WWW\AutoThinkPHP\Home\Model\ToolModel.class.php(35) : regexp code 第 1 行.
NOTIC: [8] Use of undefined constant t - assumed 't' D:\WWW\AutoThinkPHP\Home\Model\ToolModel.class.php(35) : regexp code 第 1 行.
INFO: [ app_end ] --START--
INFO: Run Behavior\ShowPageTraceBehavior [ RunTime:0.000618s ]
INFO: [ app_end ] --END-- [ RunTime:0.000665s ]

